Arguments: 
  /home/alejandro/.nvm/versions/node/v16.14.0/bin/node /usr/bin/yarn add @cere-ddc-sdk

PATH: 
  /usr/lib/go/bin:/home/alejandro/go/bin:/home/alejandro/google-cloud-sdk/bin:/home/alejandro/.nvm/versions/node/v16.14.0/bin:/home/alejandro/.cargo/bin:/usr/local/bin:/usr/bin:/bin:/usr/local/sbin:/home/alejandro/.dotnet/tools:/var/lib/flatpak/exports/bin:/usr/lib/jvm/default/bin:/usr/bin/site_perl:/usr/bin/vendor_perl:/usr/bin/core_perl:/var/lib/snapd/snap/bin://home/alejandro/go/bin:/home/alejandro/.cargo/bin:/home/alejandro/.local/share/gem/ruby/3.0.0/bin

Yarn version: 
  1.22.19

Node version: 
  16.14.0

Platform: 
  linux x64

Trace: 
  Error: https://registry.yarnpkg.com/@cere-ddc-sdk: Request "https://registry.yarnpkg.com/@cere-ddc-sdk" returned a 405
      at Request.params.callback [as _callback] (/usr/lib/node_modules/yarn/lib/cli.js:66154:18)
      at Request.self.callback (/usr/lib/node_modules/yarn/lib/cli.js:140890:22)
      at Request.emit (node:events:520:28)
      at Request.<anonymous> (/usr/lib/node_modules/yarn/lib/cli.js:141862:10)
      at Request.emit (node:events:520:28)
      at IncomingMessage.<anonymous> (/usr/lib/node_modules/yarn/lib/cli.js:141784:12)
      at Object.onceWrapper (node:events:639:28)
      at IncomingMessage.emit (node:events:532:35)
      at endReadableNT (node:internal/streams/readable:1346:12)
      at processTicksAndRejections (node:internal/process/task_queues:83:21)

npm manifest: 
  {
    "name": "cere_io",
    "version": "1.0.0",
    "main": "index.ts",
    "license": "MIT",
    "dependencies": {
      "@cere-ddc-sdk/proto": "^1.4.4"
    }
  }

yarn manifest: 
  No manifest

Lockfile: 
  # THIS IS AN AUTOGENERATED FILE. DO NOT EDIT THIS FILE DIRECTLY.
  # yarn lockfile v1
  
  
  "@cere-ddc-sdk/proto@^1.4.4":
    version "1.4.4"
    resolved "https://registry.yarnpkg.com/@cere-ddc-sdk/proto/-/proto-1.4.4.tgz#c43aad830de7e11d14c081ffe31c61cfdd15cfc7"
    integrity sha512-m9sJlSkbLokXezF9qgY1pseNuEVC8kY4nsBTpSuASV4VYqOlrVBxC01FD5i6i3JihibA5TS/MZnuaK2rZ3Jrug==
